<?xml version="1.0" encoding="UTF-8"?>
<!-- Generated by org.testng.reporters.JUnitXMLReporter -->
<testsuite ignored="2" hostname="DESKTOP-QB5O9P3" failures="0" tests="2" name="Test1(failed)(failed)" time="0.006" errors="0" timestamp="2022-07-27T14:44:55 PDT">
  <testcase classname="howToRunFailedTCOnlyUsingTestNG.NewTestNGClass3" name="n" time="0.002"/>
  <testcase classname="howToRunFailedTCOnlyUsingTestNG.NewTestNGClass3" name="p" time="0.001"/>
  <testcase classname="howToRunFailedTCOnlyUsingTestNG.NewTestNGClass3" name="o" time="0.0">
    <ignored/>
  </testcase> <!-- o -->
  <testcase classname="howToRunFailedTCOnlyUsingTestNG.NewTestNGClass3" name="q" time="0.0">
    <ignored/>
  </testcase> <!-- q -->
</testsuite> <!-- Test1(failed)(failed) -->
