<?xml version="1.0" encoding="UTF-8"?>
<!-- Generated by org.testng.reporters.JUnitXMLReporter -->
<testsuite ignored="3" hostname="DESKTOP-QB5O9P3" failures="0" tests="2" name="Test(failed)(failed)" time="0.058" errors="0" timestamp="2022-07-27T14:44:55 PDT">
  <testcase classname="howToRunFailedTCOnlyUsingTestNG.NewTestNGClass2" name="j" time="0.01"/>
  <testcase classname="howToRunFailedTCOnlyUsingTestNG.NewTestNGClass2" name="l" time="0.001"/>
  <testcase classname="howToRunFailedTCOnlyUsingTestNG.NewTestNGClass2" name="i" time="0.0">
    <ignored/>
  </testcase> <!-- i -->
  <testcase classname="howToRunFailedTCOnlyUsingTestNG.NewTestNGClass2" name="h" time="0.0">
    <ignored/>
  </testcase> <!-- h -->
  <testcase classname="howToRunFailedTCOnlyUsingTestNG.NewTestNGClass2" name="k" time="0.0">
    <ignored/>
  </testcase> <!-- k -->
</testsuite> <!-- Test(failed)(failed) -->
