<?xml version="1.0" encoding="UTF-8"?>
<!-- Generated by org.testng.reporters.JUnitXMLReporter -->
<testsuite ignored="0" hostname="DESKTOP-QB5O9P3" failures="0" tests="4" name="Test1" time="0.013" errors="0" timestamp="2022-08-12T16:05:12 PDT">
  <testcase classname="howToRunFailedTCOnlyUsingTestNG.NewTestNGClass3" name="n" time="0.001"/>
  <testcase classname="howToRunFailedTCOnlyUsingTestNG.NewTestNGClass3" name="o" time="0.001"/>
  <testcase classname="howToRunFailedTCOnlyUsingTestNG.NewTestNGClass3" name="p" time="0.001"/>
  <testcase classname="howToRunFailedTCOnlyUsingTestNG.NewTestNGClass3" name="q" time="0.0"/>
</testsuite> <!-- Test1 -->
