<?xml version="1.0" encoding="UTF-8"?>
<!-- Generated by org.testng.reporters.JUnitXMLReporter -->
<testsuite ignored="0" hostname="DESKTOP-QB5O9P3" failures="0" tests="3" name="TestB" time="0.009" errors="0" timestamp="2022-07-27T16:33:54 PDT">
  <testcase classname="serialExecutionOfTest.TestBSerialExecutionOfTC" name="d" time="0.001"/>
  <testcase classname="serialExecutionOfTest.TestBSerialExecutionOfTC" name="e" time="0.001"/>
  <testcase classname="serialExecutionOfTest.TestBSerialExecutionOfTC" name="f" time="0.001"/>
</testsuite> <!-- TestB -->
