<?xml version="1.0" encoding="UTF-8"?>
<!-- Generated by org.testng.reporters.JUnitXMLReporter -->
<testsuite ignored="0" hostname="DESKTOP-QB5O9P3" failures="0" tests="1" name="Test2" time="0.015" errors="0" timestamp="2022-08-05T13:15:43 PDT">
  <testcase classname="TestNgClass.ValidateUNBUPDataFromExcel" name="@BeforeClass launchkite" time="0.0">
    <failure type="java.lang.NullPointerException" message="Cannot invoke &amp;quot;org.openqa.selenium.WebDriver.get(String)&amp;quot; because &amp;quot;this.driver&amp;quot; is null">
      <![CDATA[java.lang.NullPointerException: Cannot invoke "org.openqa.selenium.WebDriver.get(String)" because "this.driver" is null
at kiteBase.BaseClassReadDataFromExcel.OpenApplication(BaseClassReadDataFromExcel.java:45)
at TestNgClass.ValidateUNBUPDataFromExcel.launchkite(ValidateUNBUPDataFromExcel.java:32)
at java.base/java.util.ArrayList.forEach(ArrayList.java:1511)
... Removed 25 stack frames]]>
    </failure>
  </testcase> <!-- @BeforeClass launchkite -->
  <testcase classname="TestNgClass.ValidateUNBUPDataFromExcel" name="@BeforeMethod loginkite" time="-1.659730543271E9">
    <skipped/>
  </testcase> <!-- @BeforeMethod loginkite -->
  <testcase classname="TestNgClass.ValidateUNBUPDataFromExcel" name="@AfterMethod logoutkite" time="-1.659730543276E9">
    <skipped/>
  </testcase> <!-- @AfterMethod logoutkite -->
  <testcase classname="TestNgClass.ValidateUNBUPDataFromExcel" name="@AfterClass closebrowser" time="-1.659730543277E9">
    <skipped/>
  </testcase> <!-- @AfterClass closebrowser -->
  <testcase classname="TestNgClass.ValidateUNBUPDataFromExcel" name="validateuserid" time="0.0">
    <skipped/>
  </testcase> <!-- validateuserid -->
</testsuite> <!-- Test2 -->
