<?xml version="1.0" encoding="UTF-8"?>
<!-- Generated by org.testng.reporters.JUnitXMLReporter -->
<testsuite ignored="0" hostname="DESKTOP-QB5O9P3" failures="0" tests="3" name="TestA" time="0.057" errors="0" timestamp="2022-07-27T16:33:54 PDT">
  <testcase classname="serialExecutionOfTest.TestASrialexecutionOfTC" name="a" time="0.009"/>
  <testcase classname="serialExecutionOfTest.TestASrialexecutionOfTC" name="b" time="0.001"/>
  <testcase classname="serialExecutionOfTest.TestASrialexecutionOfTC" name="c" time="0.001"/>
</testsuite> <!-- TestA -->
