<?xml version="1.0" encoding="UTF-8"?>
<!-- Generated by org.testng.reporters.JUnitXMLReporter -->
<testsuite ignored="0" hostname="DESKTOP-QB5O9P3" failures="4" tests="11" name="Test" time="0.105" errors="0" timestamp="2022-08-12T16:09:22 PDT">
  <testcase classname="howToRunFailedTCOnlyUsingTestNG.NewTestNGClass2" name="h" time="0.016"/>
  <testcase classname="howToRunFailedTCOnlyUsingTestNG.NewTestNGClass2" name="i" time="0.002"/>
  <testcase classname="howToRunFailedTCOnlyUsingTestNG.NewTestNGClass2" name="j" time="0.003">
    <failure type="java.lang.AssertionError" message="null">
      <![CDATA[java.lang.AssertionError: null
at howToRunFailedTCOnlyUsingTestNG.NewTestNGClass2.j(NewTestNGClass2.java:21)
at java.base/java.util.ArrayList.forEach(ArrayList.java:1511)
... Removed 29 stack frames]]>
    </failure>
  </testcase> <!-- j -->
  <testcase classname="howToRunFailedTCOnlyUsingTestNG.NewTestNGClass2" name="k" time="0.001"/>
  <testcase classname="howToRunFailedTCOnlyUsingTestNG.NewTestNGClass2" name="l" time="0.001">
    <failure type="java.lang.AssertionError" message="null">
      <![CDATA[java.lang.AssertionError: null
at howToRunFailedTCOnlyUsingTestNG.NewTestNGClass2.l(NewTestNGClass2.java:35)
at java.base/java.util.ArrayList.forEach(ArrayList.java:1511)
... Removed 29 stack frames]]>
    </failure>
  </testcase> <!-- l -->
  <testcase classname="howToRunFailedTCOnlyUsingTestNG.NewTestNGClass1" name="a" time="0.001"/>
  <testcase classname="howToRunFailedTCOnlyUsingTestNG.NewTestNGClass1" name="b" time="0.001">
    <failure type="java.lang.AssertionError" message="null">
      <![CDATA[java.lang.AssertionError: null
at howToRunFailedTCOnlyUsingTestNG.NewTestNGClass1.b(NewTestNGClass1.java:22)
at java.base/java.util.ArrayList.forEach(ArrayList.java:1511)
... Removed 29 stack frames]]>
    </failure>
  </testcase> <!-- b -->
  <testcase classname="howToRunFailedTCOnlyUsingTestNG.NewTestNGClass1" name="c" time="0.001"/>
  <testcase classname="howToRunFailedTCOnlyUsingTestNG.NewTestNGClass1" name="d" time="0.001">
    <failure type="java.lang.AssertionError" message="null">
      <![CDATA[java.lang.AssertionError: null
at howToRunFailedTCOnlyUsingTestNG.NewTestNGClass1.d(NewTestNGClass1.java:35)
at java.base/java.util.ArrayList.forEach(ArrayList.java:1511)
... Removed 29 stack frames]]>
    </failure>
  </testcase> <!-- d -->
  <testcase classname="howToRunFailedTCOnlyUsingTestNG.NewTestNGClass1" name="e" time="0.001"/>
  <testcase classname="howToRunFailedTCOnlyUsingTestNG.NewTestNGClass1" name="g" time="0.001"/>
</testsuite> <!-- Test -->
